[2012-01-01 21:28:57] kisma.INFO: Initialization complete. [] []
[2012-01-01 21:29:11] kisma.INFO: Initialization complete. [] []
[2012-01-01 21:29:27] kisma.INFO: Initialization complete. [] []
[2012-01-01 21:31:09] kisma.INFO: Initialization complete. [] []
[2012-01-01 21:31:09] kisma.INFO: Initialization complete. [] []
[2012-01-01 21:31:29] kisma.INFO: Initialization complete. [] []
[2012-01-01 21:31:29] kisma.INFO: Initialization complete. [] []
[2012-01-01 21:53:41] kisma.INFO: Initialization complete. [] []
[2012-01-01 21:53:42] kisma.INFO: Initialization complete. [] []
[2012-01-01 21:54:37] kisma.INFO: Initialization complete. [] []
[2012-01-01 21:55:11] kisma.INFO: Initialization complete. [] []
[2012-01-01 21:55:58] kisma.INFO: Initialization complete. [] []
[2012-01-01 21:55:58] kisma.INFO: Initialization complete. [] []
[2012-01-01 21:56:00] kisma.INFO: Initialization complete. [] []
[2012-01-01 21:56:00] kisma.INFO: Initialization complete. [] []
[2012-01-01 21:56:05] kisma.INFO: Initialization complete. [] []
[2012-01-01 21:56:05] kisma.INFO: Initialization complete. [] []
[2012-01-01 21:56:19] kisma.INFO: Initialization complete. [] []
[2012-01-01 21:56:19] kisma.INFO: Initialization complete. [] []
[2012-01-01 21:56:25] kisma.INFO: Initialization complete. [] []
[2012-01-01 21:56:25] kisma.INFO: Initialization complete. [] []
[2012-01-01 21:56:29] kisma.INFO: Initialization complete. [] []
[2012-01-01 21:56:30] kisma.INFO: Initialization complete. [] []
[2012-01-01 21:59:00] kisma.INFO: Initialization complete. [] []
[2012-01-01 21:59:05] kisma.INFO: Initialization complete. [] []
[2012-01-01 21:59:05] kisma.INFO: Initialization complete. [] []
[2012-01-01 21:59:37] kisma.INFO: Initialization complete. [] []
[2012-01-01 21:59:37] kisma.INFO: > GET /?XDEBUG_SESSION_START=10202 [] []
[2012-01-01 21:59:37] kisma.ERROR: No route found for "GET /" [] []
[2012-01-01 21:59:37] kisma.INFO: < 404 [] []
[2012-01-01 21:59:42] kisma.INFO: Initialization complete. [] []
[2012-01-01 21:59:42] kisma.INFO: > GET /blog [] []
[2012-01-01 21:59:42] kisma.ERROR: No route found for "GET /blog" [] []
[2012-01-01 21:59:42] kisma.INFO: < 404 [] []
[2012-01-01 21:59:46] kisma.INFO: Initialization complete. [] []
[2012-01-01 21:59:46] kisma.INFO: > GET /blog/index [] []
[2012-01-01 22:00:08] kisma.INFO: * Action index called. [] []
[2012-01-01 22:00:22] kisma.ERROR: Identifier "twig" is not defined. [] []
[2012-01-01 22:00:22] kisma.INFO: < 500 [] []
[2012-01-01 22:03:37] kisma.INFO: Initialization complete. [] []
[2012-01-01 22:03:37] kisma.INFO: > GET /blog/index [] []
[2012-01-01 22:03:57] kisma.INFO: * Action index called. [] []
[2012-01-01 22:06:29] kisma.INFO: Initialization complete. [] []
[2012-01-01 22:06:29] kisma.INFO: > GET /blog/index [] []
[2012-01-01 22:06:33] kisma.INFO: * Action index called. [] []
[2012-01-01 22:07:07] kisma.ERROR: The "/views" directory does not exist. [] []
[2012-01-01 22:07:07] kisma.INFO: < 500 [] []
[2012-01-01 22:11:20] kisma.INFO: Initialization complete. [] []
[2012-01-01 22:11:21] kisma.INFO: > GET /blog/index [] []
[2012-01-01 22:11:26] kisma.INFO: * Action index called. [] []
[2012-01-01 22:12:06] kisma.ERROR: The "/views" directory does not exist. [] []
[2012-01-01 22:12:06] kisma.INFO: < 500 [] []
[2012-01-01 22:13:08] kisma.INFO: Initialization complete. [] []
[2012-01-01 22:13:08] kisma.INFO: > GET /blog/index [] []
[2012-01-01 22:13:08] kisma.INFO: * Action index called. [] []
[2012-01-01 22:13:17] kisma.INFO: < 200 [] []
[2012-01-01 22:13:27] kisma.INFO: Initialization complete. [] []
[2012-01-01 22:13:27] kisma.INFO: > GET /blog/ [] []
[2012-01-01 22:13:27] kisma.ERROR: No route found for "GET /blog/" [] []
[2012-01-01 22:13:27] kisma.INFO: < 404 [] []
[2012-01-01 22:30:59] kisma.INFO: Initialization complete. [] []
[2012-01-01 22:30:59] kisma.INFO: > GET /blog/ [] []
[2012-01-01 22:30:59] kisma.ERROR: No route found for "GET /blog/" [] []
[2012-01-01 22:30:59] kisma.INFO: < 404 [] []
[2012-01-01 22:31:00] kisma.INFO: Initialization complete. [] []
[2012-01-01 22:31:00] kisma.INFO: > GET /blog/ [] []
[2012-01-01 22:31:00] kisma.ERROR: No route found for "GET /blog/" [] []
[2012-01-01 22:31:00] kisma.INFO: < 404 [] []
[2012-01-01 22:31:01] kisma.INFO: Initialization complete. [] []
[2012-01-01 22:31:01] kisma.INFO: > GET /blog/ [] []
[2012-01-01 22:31:01] kisma.ERROR: No route found for "GET /blog/" [] []
[2012-01-01 22:31:01] kisma.INFO: < 404 [] []
[2012-01-01 22:31:01] kisma.INFO: Initialization complete. [] []
[2012-01-01 22:31:01] kisma.INFO: > GET /blog/ [] []
[2012-01-01 22:31:01] kisma.ERROR: No route found for "GET /blog/" [] []
[2012-01-01 22:31:01] kisma.INFO: < 404 [] []
[2012-01-01 22:31:24] kisma.INFO: Initialization complete. [] []
[2012-01-01 22:31:24] kisma.INFO: > GET /blog/ [] []
[2012-01-01 22:31:24] kisma.ERROR: No route found for "GET /blog/" [] []
[2012-01-01 22:31:24] kisma.INFO: < 404 [] []
[2012-01-01 22:31:34] kisma.INFO: Initialization complete. [] []
[2012-01-01 22:31:34] kisma.INFO: > GET /blog/index [] []
[2012-01-01 22:31:37] kisma.INFO: * Action index called. [] []
[2012-01-01 22:31:40] kisma.INFO: < 200 [] []
[2012-01-01 22:35:12] kisma.INFO: Initialization complete. [] []
[2012-01-01 22:35:12] kisma.INFO: > GET /blog/index [] []
[2012-01-01 22:35:12] kisma.INFO: * Action index called. [] []
[2012-01-01 22:35:15] kisma.INFO: < 200 [] []
[2012-01-01 22:35:20] kisma.INFO: Initialization complete. [] []
[2012-01-01 22:35:20] kisma.INFO: > GET /blog [] []
[2012-01-01 22:35:20] kisma.INFO: < 301 [] []
[2012-01-01 22:35:20] kisma.INFO: Initialization complete. [] []
[2012-01-01 22:35:20] kisma.INFO: > GET /blog/ [] []
[2012-01-01 22:36:45] kisma.INFO: Initialization complete. [] []
[2012-01-01 22:36:45] kisma.INFO: > GET /blog/ [] []
[2012-01-01 22:36:45] kisma.INFO: < 200 [] []
[2012-01-01 22:36:51] kisma.INFO: Initialization complete. [] []
[2012-01-01 22:36:51] kisma.INFO: > GET /blog/ [] []
[2012-01-01 22:36:51] kisma.INFO: < 200 [] []
[2012-01-01 22:36:52] kisma.INFO: Initialization complete. [] []
[2012-01-01 22:36:52] kisma.INFO: > GET /blog/ [] []
[2012-01-01 22:36:52] kisma.INFO: < 200 [] []
[2012-01-01 22:36:53] kisma.INFO: Initialization complete. [] []
[2012-01-01 22:36:53] kisma.INFO: > GET /blog/ [] []
[2012-01-01 22:36:53] kisma.INFO: < 200 [] []
[2012-01-01 22:36:58] kisma.INFO: Initialization complete. [] []
[2012-01-01 22:36:58] kisma.INFO: > GET /blog/ [] []
[2012-01-01 22:37:20] kisma.INFO: < 200 [] []
[2012-01-01 22:41:50] kisma.INFO: Initialization complete. [] []
[2012-01-01 22:41:50] kisma.INFO: > GET /blog/ [] []
[2012-01-01 22:41:50] kisma.INFO: < 200 [] []
[2012-01-01 22:42:02] kisma.INFO: Initialization complete. [] []
[2012-01-01 22:42:02] kisma.INFO: > GET /blog/ [] []
[2012-01-01 22:42:27] kisma.INFO: < 200 [] []
[2012-01-01 22:42:41] kisma.INFO: Initialization complete. [] []
[2012-01-01 22:42:41] kisma.INFO: > GET /blog/ [] []
[2012-01-01 22:42:47] kisma.INFO: < 302 [] []
[2012-01-01 22:42:59] kisma.INFO: Initialization complete. [] []
[2012-01-01 22:42:59] kisma.INFO: > GET /blog/index [] []
[2012-01-01 22:43:07] kisma.INFO: * Action index called. [] []
[2012-01-01 22:43:10] kisma.INFO: < 200 [] []
[2012-01-01 22:44:13] kisma.INFO: Initialization complete. [] []
[2012-01-01 22:44:13] kisma.INFO: > GET /blog/index [] []
[2012-01-01 22:44:13] kisma.INFO: * Action index called. [] []
[2012-01-01 22:44:13] kisma.INFO: < 200 [] []
[2012-01-01 22:44:17] kisma.INFO: Initialization complete. [] []
[2012-01-01 22:44:17] kisma.INFO: > GET /blog/ [] []
[2012-01-01 22:44:17] kisma.INFO: < 302 [] []
[2012-01-01 22:44:17] kisma.INFO: Initialization complete. [] []
[2012-01-01 22:44:17] kisma.INFO: > GET /blog/index [] []
[2012-01-01 22:44:17] kisma.INFO: * Action index called. [] []
[2012-01-01 22:44:17] kisma.INFO: < 200 [] []
[2012-01-01 22:44:21] kisma.INFO: Initialization complete. [] []
[2012-01-01 22:44:21] kisma.INFO: > GET / [] []
[2012-01-01 22:44:21] kisma.ERROR: No route found for "GET /" [] []
[2012-01-01 22:44:21] kisma.INFO: < 404 [] []
[2012-01-01 22:44:51] kisma.INFO: Initialization complete. [] []
[2012-01-01 22:44:51] kisma.INFO: > GET / [] []
[2012-01-01 22:44:51] kisma.ERROR: No route found for "GET /" [] []
[2012-01-01 22:44:51] kisma.INFO: < 404 [] []
[2012-01-01 22:44:56] kisma.INFO: Initialization complete. [] []
[2012-01-01 22:44:56] kisma.INFO: > GET /blog [] []
[2012-01-01 22:44:56] kisma.INFO: < 301 [] []
[2012-01-01 22:44:56] kisma.INFO: Initialization complete. [] []
[2012-01-01 22:44:56] kisma.INFO: > GET /blog/ [] []
[2012-01-01 22:44:56] kisma.INFO: < 302 [] []
[2012-01-01 22:44:56] kisma.INFO: Initialization complete. [] []
[2012-01-01 22:44:56] kisma.INFO: > GET /blog/index [] []
[2012-01-01 22:44:56] kisma.INFO: * Action index called. [] []
[2012-01-01 22:44:56] kisma.INFO: < 200 [] []
[2012-01-02 21:51:33] Example Blog.ERROR: Identifier "xyz" is not defined. (0) [] []
[2012-01-02 21:53:11] Example Blog.ERROR: Identifier "xyz" is not defined. (0) [] []
[2012-01-02 21:53:13] Example Blog.ERROR: Identifier "xyz" is not defined. (0) [] []
[2012-01-02 21:54:05] Example Blog.ERROR: Identifier "xyz" is not defined. (0) [] []
[2012-01-02 21:54:50] Example Blog.ERROR: Identifier "xyz" is not defined. (0) [] []
[2012-01-02 21:54:53] Example Blog.ERROR: Identifier "xyz" is not defined. (0) [] []
[2012-01-02 21:55:02] Example Blog.ERROR: Identifier "xyz" is not defined. (0) [] []
[2012-01-02 21:55:13] Example Blog.ERROR: Identifier "xyz" is not defined. (0) [] []
[2012-01-02 21:55:15] Example Blog.ERROR: Identifier "xyz" is not defined. (0) [] []
[2012-01-02 21:55:16] Example Blog.ERROR: Identifier "xyz" is not defined. (0) [] []
[2012-01-02 21:55:22] Example Blog.ERROR: Identifier "xyz" is not defined. (0) [] []
[2012-01-02 21:55:23] Example Blog.ERROR: Identifier "xyz" is not defined. (0) [] []
[2012-01-02 21:55:41] Example Blog.ERROR: Identifier "xyz" is not defined. (0) [] []
[2012-01-02 21:55:43] Example Blog.ERROR: Identifier "xyz" is not defined. (0) [] []
[2012-01-02 21:56:06] Example Blog.ERROR: Identifier "xyz" is not defined. (0) [] []
[2012-01-02 21:56:07] Example Blog.ERROR: Identifier "xyz" is not defined. (0) [] []
[2012-01-02 21:57:10] Example Blog.ERROR: Identifier "xyz" is not defined. (0) [] []
[2012-01-02 21:57:11] Example Blog.ERROR: Identifier "xyz" is not defined. (0) [] []
[2012-01-02 21:57:28] Example Blog.ERROR: Identifier "xyz" is not defined. (0) [] []
[2012-01-02 21:57:30] Example Blog.ERROR: Identifier "xyz" is not defined. (0) [] []
[2012-01-02 21:57:53] Example Blog.ERROR: Identifier "xyz" is not defined. (0) [] []
[2012-01-02 21:57:55] Example Blog.ERROR: Identifier "xyz" is not defined. (0) [] []
[2012-01-02 22:01:13] Example Blog.ERROR: Identifier "xyz" is not defined. (0) [] []
[2012-01-02 22:02:20] Example Blog.ERROR: Identifier "xyz" is not defined. (0) [] []
[2012-01-02 22:04:47] Example Blog.ERROR: Identifier "xyz" is not defined. (0) [] []
[2012-01-02 22:04:48] Example Blog.ERROR: Identifier "xyz" is not defined. (0) [] []
[2012-01-02 22:06:56] Example Blog.ERROR: Identifier "xyz" is not defined. (0) [] []
[2012-01-02 22:06:57] Example Blog.ERROR: Identifier "xyz" is not defined. (0) [] []
[2012-01-02 22:07:31] Example Blog.ERROR: Identifier "xyz" is not defined. (0) [] []
[2012-01-02 22:07:32] Example Blog.ERROR: Identifier "xyz" is not defined. (0) [] []
[2012-01-02 22:07:33] Example Blog.ERROR: Identifier "xyz" is not defined. (0) [] []
[2012-01-02 22:07:33] Example Blog.ERROR: Identifier "xyz" is not defined. (0) [] []
[2012-01-02 22:08:46] Example Blog.ERROR: Identifier "xyz" is not defined. (0) [] []
[2012-01-02 22:08:50] Example Blog.ERROR: Identifier "xyz" is not defined. (0) [] []
[2012-01-02 22:09:04] Example Blog.ERROR: Identifier "xyz" is not defined. (0) [] []
[2012-01-02 22:12:53] Example Blog.ERROR: Identifier "xyz" is not defined. (0) [] []
[2012-01-02 22:12:56] Example Blog.ERROR: Identifier "xyz" is not defined. (0) [] []
[2012-01-02 22:13:12] Example Blog.ERROR: Identifier "xyz" is not defined. (0) [] []
[2012-01-02 22:15:57] Example Blog.ERROR: Identifier "xyz" is not defined. (0) [] []
[2012-01-02 22:16:32] Example Blog.ERROR: Identifier "xyz" is not defined. (0) [] []
[2012-01-02 22:17:13] Example Blog.ERROR: Identifier "xyz" is not defined. (0) [] []
[2012-01-02 22:18:48] Example Blog.ERROR: Identifier "xyz" is not defined. (0) [] []
[2012-01-02 22:18:50] Example Blog.ERROR: Identifier "xyz" is not defined. (0) [] []
[2012-01-02 22:19:23] Example Blog.ERROR: Identifier "xyz" is not defined. (0) [] []
[2012-01-02 22:19:25] Example Blog.ERROR: Identifier "xyz" is not defined. (0) [] []
[2012-01-02 22:22:26] Example Blog.ERROR: Identifier "xyz" is not defined. (0) [] []
[2012-01-02 22:22:57] Example Blog.ERROR: Identifier "xyz" is not defined. (0) [] []
[2012-01-02 22:24:53] Example Blog.ERROR: Identifier "xyz" is not defined. (0) [] []
[2012-01-02 22:25:41] Example Blog.ERROR: Identifier "xyz" is not defined. (0) [] []
[2012-01-02 22:26:12] Example Blog.ERROR: Identifier "xyz" is not defined. (0) [] []
[2012-01-02 22:46:47] Example Blog.ERROR: Identifier "xyz" is not defined. (0) [] []
[2012-01-02 22:46:59] Example Blog.ERROR: Identifier "xyz" is not defined. (0) [] []
[2012-01-02 22:47:30] Example Blog.ERROR: Identifier "xyz" is not defined. (0) [] []
[2012-01-02 22:51:31] Example Blog.ERROR: Identifier "xyz" is not defined. (0) [] []
[2012-01-02 22:51:34] Example Blog.ERROR: Identifier "xyz" is not defined. (0) [] []
[2012-01-02 22:55:21] Example Blog.ERROR: Identifier "xyz" is not defined. (0) [] []
[2012-01-02 22:56:39] Example Blog.ERROR: Identifier "xyz" is not defined. (0) [] []
[2012-01-02 22:57:21] Example Blog.ERROR: Identifier "xyz" is not defined. (0) [] []
[2012-01-02 22:57:24] Example Blog.ERROR: Identifier "xyz" is not defined. (0) [] []
[2012-01-02 22:57:45] Example Blog.ERROR: Identifier "xyz" is not defined. (0) [] []
[2012-01-02 23:01:03] Example Blog.ERROR: Identifier "xyz" is not defined. (0) [] []
[2012-01-02 23:01:05] Example Blog.ERROR: Identifier "xyz" is not defined. (0) [] []
[2012-01-02 23:01:15] Example Blog.ERROR: Identifier "xyz" is not defined. (0) [] []
[2012-01-02 23:03:17] Example Blog.ERROR: Identifier "xyz" is not defined. (0) [] []
[2012-01-02 23:04:42] Example Blog.ERROR: Identifier "xyz" is not defined. (0) [] []
[2012-01-02 23:05:31] Example Blog.ERROR: Identifier "xyz" is not defined. (0) [] []
[2012-01-02 23:05:33] Example Blog.ERROR: Identifier "xyz" is not defined. (0) [] []
[2012-01-02 23:05:35] Example Blog.ERROR: Identifier "xyz" is not defined. (0) [] []
[2012-01-02 23:05:47] Example Blog.ERROR: Identifier "xyz" is not defined. (0) [] []
[2012-01-02 23:05:56] Example Blog.ERROR: Identifier "xyz" is not defined. (0) [] []
[2012-01-02 23:06:13] Example Blog.ERROR: Identifier "xyz" is not defined. (0) [] []
[2012-01-02 23:06:29] Example Blog.ERROR: Identifier "xyz" is not defined. (0) [] []
[2012-01-02 23:06:40] Example Blog.ERROR: Identifier "xyz" is not defined. (0) [] []
[2012-01-02 23:06:50] Example Blog.ERROR: Identifier "xyz" is not defined. (0) [] []
[2012-01-02 23:07:01] Example Blog.ERROR: Identifier "xyz" is not defined. (0) [] []
[2012-01-02 23:07:09] Example Blog.ERROR: Identifier "xyz" is not defined. (0) [] []
[2012-01-02 23:07:22] Example Blog.ERROR: Identifier "xyz" is not defined. (0) [] []
[2012-01-02 23:07:27] Example Blog.ERROR: Identifier "xyz" is not defined. (0) [] []
[2012-01-02 23:09:00] Example Blog.ERROR: Identifier "xyz" is not defined. (0) [] []
[2012-01-02 23:09:02] Example Blog.ERROR: Identifier "xyz" is not defined. (0) [] []
[2012-01-02 23:09:10] Example Blog.ERROR: Identifier "xyz" is not defined. (0) [] []
[2012-01-02 23:09:12] Example Blog.ERROR: Identifier "xyz" is not defined. (0) [] []
[2012-01-02 23:09:39] Example Blog.ERROR: Identifier "xyz" is not defined. (0) [] []
[2012-01-02 23:10:42] Example Blog.ERROR: Identifier "xyz" is not defined. (0) [] []
[2012-01-02 23:10:58] Example Blog.ERROR: Identifier "xyz" is not defined. (0) [] []
