[2014-03-02 18:16:24] app.DEBUG: Debug flag in "debug.kisma.core.utility.hasher::generate_unique": ON [] []
[2014-03-02 18:16:24] app.DEBUG:  >> Hasher::generateUnique() called {"seed":"NULL","length":128,"algorithm":"sha512"} []
[2014-03-02 18:16:24] app.DEBUG:   Random-ish seed created: c03b8ec1b7d3d084772f490467717a2a69616bbac30c6a781cc2632afc57c6990f028942daafeb79935ecb5302de6de1faa0b64ee8c2fc5f32a75d10cdf7480a {"seed":"NULL","length":128,"algorithm":"sha512"} []
[2014-03-02 18:16:24] app.DEBUG: << Hash generated: 233b597a706188972fcd7ac65d6a3b76dc35090e22b61187b024a371ba9ad7650b283beb0d42e1fb23dac2f8de23dbe693a6263b2f1e228f8da56260be55da98 [] []
[2014-03-02 18:16:24] app.DEBUG:  >> Hasher::generateUnique() called {"seed":"someemailaddress@somewhere.com","length":128,"algorithm":"sha512"} []
[2014-03-02 18:16:24] app.DEBUG:   Using passed - in $seed value of "someemailaddress@somewhere.com" [] []
[2014-03-02 18:16:24] app.DEBUG:   Random-ish seed created: 35ff86779bac69446b2c194516660b391b0a1fd5034ef7832d8289d902dc24634992b34636344f042239d9a90753285190ecee6c9eefcc0871fbd676531c79b2 {"seed":"someemailaddress@somewhere.com","length":128,"algorithm":"sha512"} []
[2014-03-02 18:16:24] app.DEBUG: << Hash generated: f77e9d0b63130c4331dd161f2a0a6e2edf5a8c1d6d48cc4385242d6a48b98b783204dbaa0b816a4e942e8c0baab2048ce6ab5635a9939122cae88ecf99142f1b [] []
[2014-03-02 18:16:24] app.DEBUG:  >> Hasher::generateUnique() called {"seed":"NULL","length":128,"algorithm":"sha512"} []
[2014-03-02 18:16:24] app.DEBUG:   Random-ish seed created: e321e78db6ac50fef02d3a4011309f572a65108d8e2681bb7e3bbab48aefc3ffad6375667f2b7cdecd304c881672cd299c5294ab36e8898c9b59dad022a823fc {"seed":"NULL","length":128,"algorithm":"sha512"} []
[2014-03-02 18:16:24] app.DEBUG: << Hash generated: d084511e1f29db45704f913002210533776255a37194ec75a595913ba5e318bb91161fd6a1ce6298c2fa5b27d4df44d860f572221660f1b16e98ba621553a486 [] []
[2014-03-02 18:16:24] app.DEBUG:  >> Hasher::generateUnique() called {"seed":"someemailaddress@somewhere.com","length":128,"algorithm":"sha512"} []
[2014-03-02 18:16:24] app.DEBUG:   Using passed - in $seed value of "someemailaddress@somewhere.com" [] []
[2014-03-02 18:16:24] app.DEBUG:   Random-ish seed created: 69f1f22834940d1fab3d994be6a44e9a531dad52bebd07a97d7bf8e72e128fa32cd65c6b3809ed7c4c4862cbeecdd17b10d0c12c9a3693d1a77fc4676de6d37c {"seed":"someemailaddress@somewhere.com","length":128,"algorithm":"sha512"} []
[2014-03-02 18:16:24] app.DEBUG: << Hash generated: 6a871354c70c67b612d92b3b73f6f127190150b8d20066dbe89c9c78bcdf9cc068b0decac3991b4518b560656c79f8c8d69a2d36fea419d2da176eddd97b9252 [] []
[2014-03-02 18:17:30] app.DEBUG: Debug flag in "debug.kisma.core.utility.hasher::generate_unique": ON [] []
[2014-03-02 18:17:30] app.DEBUG:  >> Hasher::generateUnique() called {"seed":"NULL","length":128,"algorithm":"sha512"} []
[2014-03-02 18:17:30] app.DEBUG:   Random-ish seed created: 2b062c7ceffe23b471c0efb20935add2fc9ceef4d678c104a2a24d75ec4103d5a00dba50507f7781951974c6dbb210785c59780e5a964fc0eb9c24ad0ac6ddb3 {"seed":"NULL","length":128,"algorithm":"sha512"} []
[2014-03-02 18:17:30] app.DEBUG: << Hash generated: 8a5d0f535f61385b8ab3deabcb877f362cd7a9bdd37ca6040d28382fa31e462499db4ea90e5ba0aa7b72b2c1381319d800cb9ef832d3a7b6707938ac06bf8a58 [] []
[2014-03-02 18:17:30] app.DEBUG:  >> Hasher::generateUnique() called {"seed":"someemailaddress@somewhere.com","length":128,"algorithm":"sha512"} []
[2014-03-02 18:17:30] app.DEBUG:   Using passed - in $seed value of "someemailaddress@somewhere.com" [] []
[2014-03-02 18:17:30] app.DEBUG:   Random-ish seed created: 8066c71dbf1fe8213563d57e8bf83cad55d19e37d64f7793e4363a28ffd90bbcf1b59f8ebf77fe684bba6989d65df89a5887901bdaa624b89e117ee9e337cd51 {"seed":"someemailaddress@somewhere.com","length":128,"algorithm":"sha512"} []
[2014-03-02 18:17:30] app.DEBUG: << Hash generated: bd3a8f2cca1eb7c2bf1e45399c2799382c5e6f949f980441fb83a8cb98b6f540cbf4fbf260e0421b62061d515c47d63345d7189ec1fbed14665695e1f86aa6a0 [] []
[2014-03-02 18:17:30] app.DEBUG:  >> Hasher::generateUnique() called {"seed":"NULL","length":128,"algorithm":"sha512"} []
[2014-03-02 18:17:30] app.DEBUG:   Random-ish seed created: 3c41e950f89ec927297b65c40a09ee95256ee3aebee012a5296f50a820aee6050c8a5546a45598b55ea0b3071e78fe1d5c4d63c991f0f33d9c8f0a89afa390d5 {"seed":"NULL","length":128,"algorithm":"sha512"} []
[2014-03-02 18:17:30] app.DEBUG: << Hash generated: 765c1ef9b598c7a9987a68f0d2349615a7b0282ef2cdeb470367bc23035ebb02016a8c30ac087133028497364a3fb91bbdaaecfc4fcff027dc8f1327f6b92d90 [] []
[2014-03-02 18:17:30] app.DEBUG:  >> Hasher::generateUnique() called {"seed":"someemailaddress@somewhere.com","length":128,"algorithm":"sha512"} []
[2014-03-02 18:17:30] app.DEBUG:   Using passed - in $seed value of "someemailaddress@somewhere.com" [] []
[2014-03-02 18:17:30] app.DEBUG:   Random-ish seed created: fdc5f7ec45d536d6d0d6ca4da076cce5bd3e105477ee53afb234f83c1384e39bb815be0a2e6a67f3555773ae588ca85f665b42c5d63e5d7f6bbab114bce3fb9d {"seed":"someemailaddress@somewhere.com","length":128,"algorithm":"sha512"} []
[2014-03-02 18:17:30] app.DEBUG: << Hash generated: 3b935cb9fbd298a89bc1932665cf1ccd03ad878b65d236b64579f5abfebd49b1ceadd0a32dfdddb1cf48b8f5f1c197c08714d469ffb999f507f8cff47fee3343 [] []
[2014-03-02 18:17:51] app.DEBUG: Debug flag in "debug.kisma.core.utility.hasher::generate_unique": ON [] []
[2014-03-02 18:17:51] app.DEBUG:  >> Hasher::generateUnique() called {"seed":"NULL","length":128,"algorithm":"sha512"} []
[2014-03-02 18:17:51] app.DEBUG:   Random-ish seed created: 3334ac665d2c4f48ecca4dd41fa8aa90600a122fa1d3fb0a088f87dd4ad60cbee38127463cf2a76ebaad556dcbab38eadf05605fad1f4888f392146a1088cc8c {"seed":"NULL","length":128,"algorithm":"sha512"} []
[2014-03-02 18:17:51] app.DEBUG: << Hash generated: 9a566c8cb14bce12282bf79e2f2c5d1637f9da62b3088bc9f8b4d962d0789bce3fc8e0a49d7cd0effd95319dd00327e98c99c738ec9e337909a0d0e5b046f1d7 [] []
[2014-03-02 18:17:51] app.DEBUG:  >> Hasher::generateUnique() called {"seed":"someemailaddress@somewhere.com","length":128,"algorithm":"sha512"} []
[2014-03-02 18:17:51] app.DEBUG:   Using passed - in $seed value of "someemailaddress@somewhere.com" [] []
[2014-03-02 18:17:51] app.DEBUG:   Random-ish seed created: 5264d5a5d47cd79154d8bb6dc39a40167165a08233480b9bf9be08382a52aaa681a73e6a7c961bbf842f75de7c2e83266d49a651c8f0c180fb4fc1d9e431676c {"seed":"someemailaddress@somewhere.com","length":128,"algorithm":"sha512"} []
[2014-03-02 18:17:51] app.DEBUG: << Hash generated: 053fd65863da8b06aaee2f116d0be218a6a87692497abf39f5593e7a747b00174c92986eca084891673c5bc3bec181310d040f563510efc9a63445cf0597a038 [] []
[2014-03-02 18:17:51] app.DEBUG:  >> Hasher::generateUnique() called {"seed":"NULL","length":128,"algorithm":"sha512"} []
[2014-03-02 18:17:51] app.DEBUG:   Random-ish seed created: 29583c59c2d04c7fbd2d0627d494d697c344e4bb180c20f275978d6b46311859310a95d7f092f08691ce4332aa8359ae5ac69c73e8dac419925d7ef201295a31 {"seed":"NULL","length":128,"algorithm":"sha512"} []
[2014-03-02 18:17:51] app.DEBUG: << Hash generated: 99622abfb9dea728b8af518cc10e531659fda23cf8a397fb17fe0ad7c4efa89533dfabaa4653fe77ad36815a53653f9ca2ea16ca37d1f421b41a60f5f20eb8f8 [] []
[2014-03-02 18:17:51] app.DEBUG:  >> Hasher::generateUnique() called {"seed":"someemailaddress@somewhere.com","length":128,"algorithm":"sha512"} []
[2014-03-02 18:17:51] app.DEBUG:   Using passed - in $seed value of "someemailaddress@somewhere.com" [] []
[2014-03-02 18:17:51] app.DEBUG:   Random-ish seed created: 4ac15d0cb13d1df13aa94e7111c404438fad3563bfd968e62ceb240600dda8e64b4392d9b721d81495b2676a2874a780e86147f53cef1dc7b63bac174dcb2ad8 {"seed":"someemailaddress@somewhere.com","length":128,"algorithm":"sha512"} []
[2014-03-02 18:17:51] app.DEBUG: << Hash generated: 2c43ed38cac060111c9c9a6f1448348d822ac41436d0e52848478771fcbbbc4e4c032642183c3e338b8071217e8342f7e1868f80abba250466040b7247f4aff6 [] []
[2014-03-02 18:22:02] app.DEBUG: Debug flag in "debug.kisma.core.utility.hasher::generate_unique": ON [] []
[2014-03-02 18:22:02] app.DEBUG:  >> Hasher::generateUnique() called {"seed":"NULL","length":128,"algorithm":"sha512"} []
[2014-03-02 18:22:02] app.DEBUG:   Random-ish seed created: 4f0c1dc04a4284320e069bfb79c0ad1e15236f8b5797697b9a3e1f931ebb219a5d3ebce47a61217bdf318c412e588475b34f00fbce4b92b716718e0902820846 {"seed":"NULL","length":128,"algorithm":"sha512"} []
[2014-03-02 18:22:02] app.DEBUG: << Hash generated: 69e932041f5206f02a277bd416450b7b8c374acc58255d1da0cbf49c0ed4a92b97a0f012917972daf7f0ff71f4f621a1f5af5d3655b7a3165bac953eb25faaec [] []
[2014-03-02 18:22:02] app.DEBUG:  >> Hasher::generateUnique() called {"seed":"someemailaddress@somewhere.com","length":128,"algorithm":"sha512"} []
[2014-03-02 18:22:02] app.DEBUG:   Using passed - in $seed value of "someemailaddress@somewhere.com" [] []
[2014-03-02 18:22:02] app.DEBUG:   Random-ish seed created: ead724c75d48d20e50f6926514cc37e1bd64e904b794c54b077c867ec7d8e0dff0881102012d8174e496588f15f6ecd2121a8b738ced84128f95b1afa1b0ab3b {"seed":"someemailaddress@somewhere.com","length":128,"algorithm":"sha512"} []
[2014-03-02 18:22:02] app.DEBUG: << Hash generated: 1ea8b375fd55a13b5b21faa328a68c8d13bb0a2f6a04d495957f74f533413f666c0a02a3df0cb55312cd83a9d9b334478222acb874b9afdb2b4898b4a982a273 [] []
[2014-03-02 18:22:02] app.DEBUG:  >> Hasher::generateUnique() called {"seed":"NULL","length":128,"algorithm":"sha512"} []
[2014-03-02 18:22:02] app.DEBUG:   Random-ish seed created: 70a9e7e973f854e95d42ad39142e594143f8c007712cc0a0dfeb2d4af5e765cf9004c0fcf7b5f0b6c47a400ea65703d8e4f8da81e868c5a5c9baf9c1c9b0d57c {"seed":"NULL","length":128,"algorithm":"sha512"} []
[2014-03-02 18:22:02] app.DEBUG: << Hash generated: ebcb820c047bb0737dfab4a64c65a84d5f6ae3009d4979f72fd6862ac517af9ccdd77d840654359cee34d60b40806aa101b3e3e61ec06ebe1241a3b0218a7765 [] []
[2014-03-02 18:22:02] app.DEBUG:  >> Hasher::generateUnique() called {"seed":"someemailaddress@somewhere.com","length":128,"algorithm":"sha512"} []
[2014-03-02 18:22:02] app.DEBUG:   Using passed - in $seed value of "someemailaddress@somewhere.com" [] []
[2014-03-02 18:22:02] app.DEBUG:   Random-ish seed created: b9e5ca013373ae84aefbb643331943f7d18fbf91dc96f3bbaa35adfeb1678bd64ef99574be4eb492f1238daf20ddde8b7afb86fbbcf0c5d47db3724db3a43227 {"seed":"someemailaddress@somewhere.com","length":128,"algorithm":"sha512"} []
[2014-03-02 18:22:02] app.DEBUG: << Hash generated: f24d7708611e4349f72049de3bd857fa80a64a89f9d8836ac16f64e7b45dd94bd07c9e802416ac0ab78fb5c04515a443437fbcb38dcdcf57e7972889bdca1171 [] []
